<?xml version="1.0" encoding="UTF-8"?>
<!-- Generated by org.testng.reporters.JUnitReportReporter -->
<testsuite hostname="DESKTOP-5UPQTQ2" failures="0" tests="1" name="tests.HomePageTest" time="9.943" errors="0" timestamp="2023-07-31T15:48:19 IST" skipped="0">
  <testcase classname="tests.HomePageTest" name="changeDeviceTheme" time="9.943"/>
</testsuite> <!-- tests.HomePageTest -->
